 __________________________________________________________ 
|                                                          |
|  (______)                                                |
|  <(0  0)>   TAURUS_vap, version 2022.05.08               |
|    (°°)                                                  |
|                                                          |
| This code performs the particle-number variation after   |
| projection of real general Bogoliubov quasi-particle     |
| states represented in a spherical harmonic oscillator    |
| basis.                                                   |
|                                                          |
| Licence: GNU General Public License version 3 or later   |
| DOI: https://doi.org/10.5281/zenodo.6906647              |
| Git: https://github.com/project-taurus/taurus_pav.git    |
|                                                          |
| Contributors: B. Bally, T. Rodríguez, A. Sánchez-F.      |
|__________________________________________________________|

%%%%%%%%%%%%%%%%%%%%%%%%%%%%%%%%%%%%%%%%%%%%%%%%%%%%%%%%%%%%
                      INPUT PARAMETERS
%%%%%%%%%%%%%%%%%%%%%%%%%%%%%%%%%%%%%%%%%%%%%%%%%%%%%%%%%%%%

Interaction                   
-----------                   
Master name hamil. files      usdb
Center-of-mass correction     0
Read reduced hamiltonian      0
No. of MPI proc per H team    0    
                              
Particle Number               
---------------               
Number of active protons      4.00      
Number of active neutrons     5.00      
No. of gauge angles protons   5    
No. of gauge angles neutrons  5    
                              
Wave Function                 
-------------                 
Type of seed wave function    0
Number of QP to block         1    
Number of QP to block         13   
No symmetry simplifications   0
Seed random number generation 0    
Read/write wf file as text    0
Cutoff occupied s.-p. states  0.000E+00 
Include all empty sp states   0
Spatial one-body density      0
Discretization for x/r        0   0.00 
Discretization for y/theta    0   0.00 
Discretization for z/phi      0   0.00 
                              
Iterative Procedure           
-------------------           
Maximum no. of iterations     1000 
Step intermediate wf writing  0    
More intermediate printing    0
Type of gradient              1
Parameter eta for gradient    1.000E-01 
Parameter mu  for gradient    3.000E-01 
Tolerance for gradient        1.000E-02 
                              
Constraints                   
-----------                   
Force constraint N/Z          1
Constraint beta_lm            2
Pair coupling scheme          1
Tolerance for constraints     1.000E-06 
Constraint multipole Q10      0   0.000
Constraint multipole Q11      0   0.000
Constraint multipole Q20      0   0.000
Constraint multipole Q21      2   0.000   0.000
Constraint multipole Q22      0   0.000
Constraint multipole Q30      0   0.000
Constraint multipole Q31      0   0.000
Constraint multipole Q32      0   0.000
Constraint multipole Q33      0   0.000
Constraint multipole Q40      0   0.000
Constraint multipole Q41      0   0.000
Constraint multipole Q42      0   0.000
Constraint multipole Q43      0   0.000
Constraint multipole Q44      0   0.000
Constraint radius sqrt(r^2)   0   0.000
Constraint ang. mom. Jx       0   0.000
Constraint ang. mom. Jy       0   0.000
Constraint ang. mom. Jz       0   0.000
Constraint pair P_T00_J10     0   0.000
Constraint pair P_T00_J1m1    0   0.000
Constraint pair P_T00_J1p1    0   0.000
Constraint pair P_T10_J00     0   0.000
Constraint pair P_T1m1_J00    0   0.000
Constraint pair P_T1p1_J00    0   0.000
Constraint field Delta        0   0.000
  
%%%%%%%%%%%%%%%%%%%%%%%%%%%%%%%%%%%%%%%%%%%%%%%%%%%%%%%%%%%%
                           NUCLEUS
%%%%%%%%%%%%%%%%%%%%%%%%%%%%%%%%%%%%%%%%%%%%%%%%%%%%%%%%%%%%

Part \ No.     Z          N          A
----------------------------------------
Valence       4.00       5.00       9.00
Core          8.00       8.00      16.00
Nucleus      12.00      13.00      25.00

%%%%%%%%%%%%%%%%%%%%%%%%%%%%%%%%%%%%%%%%%%%%%%%%%%%%%%%%%%%%
                          HO BASIS
%%%%%%%%%%%%%%%%%%%%%%%%%%%%%%%%%%%%%%%%%%%%%%%%%%%%%%%%%%%%

    Quantity          Value
---------------------------
No. of sp states        24
Max. value of N          2
Max. value of l          2
Max. value of 2j         5
hbar*omega (MeV)    12.466
Osc. length b (fm)   1.824
No. of shells            3
List of shells         205   1001    203

%%%%%%%%%%%%%%%%%%%%%%%%%%%%%%%%%%%%%%%%%%%%%%%%%%%%%%%%%%%%
                         HAMILTONIAN
%%%%%%%%%%%%%%%%%%%%%%%%%%%%%%%%%%%%%%%%%%%%%%%%%%%%%%%%%%%%

   Description        Value
---------------------------
Main name of files    usdb
Name of hamiltonian   USDB (Brown.2006.PRC.74.034315)
Type of hamiltonian     1   (ANTOINE, spe_p==spe_n)
Read from file          0   (normal)
Number of 2BME        1396        

%%%%%%%%%%%%%%%%%%%%%%%%%%%%%%%%%%%%%%%%%%%%%%%%%%%%%%%%%%%%
                        WAVE FUNCTION
%%%%%%%%%%%%%%%%%%%%%%%%%%%%%%%%%%%%%%%%%%%%%%%%%%%%%%%%%%%%

   Description         Value
----------------------------
Initial type of seed     0   (general, unrestricted)
Number of qp blocked     1
Indices for blocking    13
Total number parity     -1
No. of fully occ. sp     1

  Symmetry       ?      Mean              Action
----------------------------------------------------------
Separate N/Z     no               
Good Z           no    4.79275    
Good N           no    4.44835    
Good P          yes    1.00000
Good Jz          no   -0.01352

%%%%%%%%%%%%%%%%%%%%%%%%%%%%%%%%%%%%%%%%%%%%%%%%%%%%%%%%%%%%
                   ITERATIVE MINIMIZATION
%%%%%%%%%%%%%%%%%%%%%%%%%%%%%%%%%%%%%%%%%%%%%%%%%%%%%%%%%%%%
 
Iteration     Gradient       Energy      Protons    Var(Prot)    Neutrons   Var(Neut)
-------------------------------------------------------------------------------------
     1      1.19555E+01    -55.177742    4.021592    0.107494    5.020927    0.107522
     2      1.93975E+01    -65.006289    4.013225    0.065952    5.012860    0.065962
     3      2.15136E+01    -74.401991    4.000402    0.002009    5.000385    0.002009
     4      1.33261E+01    -78.852906    4.000024    0.000118    5.000021    0.000118
     5      9.05958E+00    -81.225882    4.000005    0.000027    5.000005    0.000027
     6      7.52581E+00    -83.104487    4.000002    0.000008    5.000001    0.000008
     7      6.66450E+00    -84.448430    4.000001    0.000003    5.000001    0.000003
     8      6.18280E+00    -85.518818    4.000000    0.000002    5.000000    0.000002
     9      5.76946E+00    -86.429760    4.000000    0.000001    5.000000    0.000001
    10      5.26047E+00    -87.192751    4.000000    0.000001    5.000000    0.000001
    11      4.63279E+00    -87.794644    4.000000    0.000001    5.000000    0.000001
    12      3.94956E+00    -88.236974    4.000000    0.000001    5.000000    0.000001
    13      3.30469E+00    -88.544743    4.000000    0.000001    5.000000    0.000001
    14      2.77758E+00    -88.755753    4.000000    0.000001    5.000000    0.000001
    15      2.40859E+00    -88.906465    4.000000    0.000001    5.000000    0.000001
    16      2.19513E+00    -89.024423    4.000000    0.000001    5.000000    0.000001
    17      2.10422E+00    -89.127495    4.000000    0.000001    5.000000    0.000001
    18      2.09355E+00    -89.226219    4.000000    0.000001    5.000000    0.000001
    19      2.12701E+00    -89.326391    4.000000    0.000001    5.000000    0.000001
    20      2.17893E+00    -89.430874    4.000000    0.000002    5.000000    0.000002
    21      2.23173E+00    -89.540618    4.000000    0.000002    5.000000    0.000002
    22      2.27262E+00    -89.655148    4.000001    0.000003    5.000000    0.000003
    23      2.29141E+00    -89.772800    4.000001    0.000004    5.000000    0.000004
    24      2.27970E+00    -89.890874    4.000001    0.000005    5.000000    0.000005
    25      2.23105E+00    -90.005861    4.000001    0.000007    5.000000    0.000007
    26      2.14218E+00    -90.113856    4.000002    0.000009    5.000000    0.000009
    27      2.01472E+00    -90.211193    4.000002    0.000010    5.000000    0.000010
    28      1.85666E+00    -90.295234    4.000002    0.000012    5.000000    0.000012
    29      1.68146E+00    -90.364966    4.000003    0.000013    5.000000    0.000013
    30      1.50438E+00    -90.421065    4.000003    0.000014    5.000000    0.000014
    31      1.35254E+00    -90.465362    4.000003    0.000014    4.999999    0.000014
    32      1.22561E+00    -90.500943    4.000003    0.000014    4.999999    0.000014
    33      1.11056E+00    -90.529595    4.000003    0.000014    4.999999    0.000014
    34      1.00238E+00    -90.552488    4.000003    0.000014    4.999999    0.000014
    35      9.01141E-01    -90.570632    4.000003    0.000014    4.999999    0.000014
    36      8.08432E-01    -90.584958    4.000003    0.000014    5.000000    0.000014
    37      7.25687E-01    -90.596298    4.000003    0.000014    5.000000    0.000014
    38      6.53517E-01    -90.605353    4.000003    0.000014    5.000000    0.000014
    39      5.91654E-01    -90.612679    4.000003    0.000014    5.000000    0.000014
    40      5.39179E-01    -90.618702    4.000003    0.000014    5.000000    0.000014
    41      4.94829E-01    -90.623738    4.000003    0.000014    5.000000    0.000014
    42      4.57256E-01    -90.628017    4.000003    0.000014    5.000000    0.000014
    43      4.25216E-01    -90.631705    4.000003    0.000015    5.000000    0.000015
    44      3.97669E-01    -90.634925    4.000003    0.000015    5.000000    0.000015
    45      3.73805E-01    -90.637769    4.000003    0.000015    5.000000    0.000015
    46      3.53024E-01    -90.640305    4.000003    0.000015    5.000000    0.000015
    47      3.34888E-01    -90.642587    4.000003    0.000015    5.000000    0.000015
    48      3.19079E-01    -90.644659    4.000003    0.000015    5.000000    0.000015
    49      3.05352E-01    -90.646558    4.000003    0.000015    5.000000    0.000015
    50      2.93510E-01    -90.648313    4.000003    0.000016    5.000000    0.000016
    51      2.83375E-01    -90.649950    4.000003    0.000016    5.000000    0.000016
    52      2.74785E-01    -90.651489    4.000003    0.000016    5.000000    0.000016
    53      2.67580E-01    -90.652949    4.000003    0.000016    5.000000    0.000016
    54      2.61607E-01    -90.654345    4.000003    0.000016    5.000000    0.000016
    55      2.56719E-01    -90.655690    4.000003    0.000016    5.000000    0.000016
    56      2.52777E-01    -90.656994    4.000003    0.000016    5.000000    0.000016
    57      2.49653E-01    -90.658266    4.000003    0.000017    5.000000    0.000017
    58      2.47228E-01    -90.659515    4.000003    0.000017    5.000000    0.000017
    59      2.45397E-01    -90.660746    4.000003    0.000017    5.000000    0.000017
    60      2.44066E-01    -90.661965    4.000003    0.000017    5.000000    0.000017
    61      2.43153E-01    -90.663175    4.000003    0.000017    5.000000    0.000017
    62      2.42584E-01    -90.664381    4.000003    0.000017    5.000000    0.000017
    63      2.42298E-01    -90.665585    4.000003    0.000017    5.000000    0.000017
    64      2.42238E-01    -90.666791    4.000004    0.000018    5.000000    0.000018
    65      2.42359E-01    -90.667999    4.000004    0.000018    5.000000    0.000018
    66      2.42617E-01    -90.669211    4.000004    0.000018    5.000000    0.000018
    67      2.42976E-01    -90.670428    4.000004    0.000018    5.000000    0.000018
    68      2.43405E-01    -90.671652    4.000004    0.000018    5.000000    0.000018
    69      2.43874E-01    -90.672883    4.000004    0.000018    5.000000    0.000018
    70      2.44359E-01    -90.674120    4.000004    0.000019    5.000000    0.000019
    71      2.44837E-01    -90.675365    4.000004    0.000019    5.000000    0.000019
    72      2.45287E-01    -90.676616    4.000004    0.000019    5.000000    0.000019
    73      2.45691E-01    -90.677874    4.000004    0.000019    5.000000    0.000019
    74      2.46033E-01    -90.679138    4.000004    0.000019    5.000000    0.000019
    75      2.46296E-01    -90.680408    4.000004    0.000020    5.000000    0.000020
    76      2.46467E-01    -90.681682    4.000004    0.000020    5.000000    0.000020
    77      2.46534E-01    -90.682959    4.000004    0.000020    5.000000    0.000020
    78      2.46485E-01    -90.684239    4.000004    0.000020    5.000000    0.000020
    79      2.46311E-01    -90.685519    4.000004    0.000020    5.000000    0.000020
    80      2.46002E-01    -90.686800    4.000004    0.000021    5.000000    0.000021
    81      2.45550E-01    -90.688078    4.000004    0.000021    5.000000    0.000021
    82      2.44948E-01    -90.689354    4.000004    0.000021    5.000000    0.000021
    83      2.44193E-01    -90.690624    4.000004    0.000021    5.000000    0.000021
    84      2.43278E-01    -90.691888    4.000004    0.000021    5.000000    0.000021
    85      2.42203E-01    -90.693144    4.000004    0.000022    5.000000    0.000022
    86      2.40966E-01    -90.694390    4.000004    0.000022    5.000000    0.000022
    87      2.39571E-01    -90.695625    4.000004    0.000022    5.000000    0.000022
    88      2.38024E-01    -90.696846    4.000004    0.000022    4.999999    0.000022
    89      2.36341E-01    -90.698052    4.000004    0.000022    4.999999    0.000022
    90      2.34546E-01    -90.699243    4.000005    0.000023    4.999999    0.000023
    91      2.32655E-01    -90.700416    4.000005    0.000023    4.999999    0.000023
    92      2.30663E-01    -90.701571    4.000005    0.000023    4.999999    0.000023
    93      2.28552E-01    -90.702707    4.000005    0.000023    4.999999    0.000023
    94      2.26304E-01    -90.703822    4.000005    0.000023    4.999999    0.000023
    95      2.23907E-01    -90.704916    4.000005    0.000024    4.999999    0.000024
    96      2.21356E-01    -90.705986    4.000005    0.000024    4.999999    0.000024
    97      2.18650E-01    -90.707032    4.000005    0.000024    4.999999    0.000024
    98      2.15794E-01    -90.708052    4.000005    0.000024    4.999999    0.000024
    99      2.12792E-01    -90.709046    4.000005    0.000024    4.999999    0.000024
   100      2.09654E-01    -90.710012    4.000005    0.000025    4.999999    0.000025
   101      2.06387E-01    -90.710949    4.000005    0.000025    4.999999    0.000025
   102      2.03001E-01    -90.711858    4.000005    0.000025    4.999999    0.000025
   103      1.99506E-01    -90.712736    4.000005    0.000025    4.999999    0.000025
   104      1.95914E-01    -90.713585    4.000005    0.000025    4.999999    0.000025
   105      1.92236E-01    -90.714403    4.000005    0.000025    4.999999    0.000025
   106      1.88481E-01    -90.715191    4.000005    0.000026    4.999999    0.000026
   107      1.84663E-01    -90.715948    4.000005    0.000026    4.999999    0.000026
   108      1.80793E-01    -90.716675    4.000005    0.000026    4.999999    0.000026
   109      1.76880E-01    -90.717371    4.000005    0.000026    4.999999    0.000026
   110      1.72938E-01    -90.718038    4.000005    0.000026    4.999999    0.000026
   111      1.68976E-01    -90.718675    4.000005    0.000026    4.999999    0.000026
   112      1.65004E-01    -90.719284    4.000005    0.000026    4.999999    0.000026
   113      1.61034E-01    -90.719864    4.000005    0.000027    4.999999    0.000027
   114      1.57073E-01    -90.720416    4.000005    0.000027    4.999999    0.000027
   115      1.53132E-01    -90.720942    4.000005    0.000027    4.999999    0.000027
   116      1.49219E-01    -90.721442    4.000005    0.000027    4.999999    0.000027
   117      1.45341E-01    -90.721917    4.000005    0.000027    4.999999    0.000027
   118      1.41506E-01    -90.722367    4.000005    0.000027    4.999999    0.000027
   119      1.37722E-01    -90.722794    4.000005    0.000027    4.999999    0.000027
   120      1.33993E-01    -90.723198    4.000006    0.000028    4.999999    0.000028
   121      1.30326E-01    -90.723581    4.000006    0.000028    4.999999    0.000028
   122      1.26726E-01    -90.723944    4.000006    0.000028    4.999999    0.000028
   123      1.23198E-01    -90.724287    4.000006    0.000028    4.999999    0.000028
   124      1.19744E-01    -90.724611    4.000006    0.000028    4.999999    0.000028
   125      1.16369E-01    -90.724917    4.000006    0.000028    4.999999    0.000028
   126      1.13076E-01    -90.725206    4.000006    0.000028    4.999999    0.000028
   127      1.09867E-01    -90.725480    4.000006    0.000028    4.999999    0.000028
   128      1.06743E-01    -90.725738    4.000006    0.000028    4.999999    0.000028
   129      1.03707E-01    -90.725981    4.000006    0.000028    4.999999    0.000028
   130      1.00760E-01    -90.726212    4.000006    0.000028    4.999999    0.000028
   131      9.79020E-02    -90.726429    4.000006    0.000029    5.000000    0.000029
   132      9.51337E-02    -90.726634    4.000006    0.000029    5.000000    0.000029
   133      9.24550E-02    -90.726828    4.000006    0.000029    5.000000    0.000029
   134      8.98659E-02    -90.727012    4.000006    0.000029    5.000000    0.000029
   135      8.73657E-02    -90.727185    4.000006    0.000029    5.000000    0.000029
   136      8.49537E-02    -90.727349    4.000006    0.000029    5.000000    0.000029
   137      8.26288E-02    -90.727504    4.000006    0.000029    5.000000    0.000029
   138      8.03899E-02    -90.727651    4.000006    0.000029    5.000000    0.000029
   139      7.82354E-02    -90.727790    4.000006    0.000029    5.000000    0.000029
   140      7.61640E-02    -90.727922    4.000006    0.000029    5.000000    0.000029
   141      7.41737E-02    -90.728047    4.000006    0.000029    5.000000    0.000029
   142      7.22627E-02    -90.728165    4.000006    0.000029    5.000000    0.000029
   143      7.04292E-02    -90.728278    4.000006    0.000029    5.000000    0.000029
   144      6.86710E-02    -90.728385    4.000006    0.000029    5.000000    0.000029
   145      6.69859E-02    -90.728487    4.000006    0.000029    5.000000    0.000029
   146      6.53719E-02    -90.728584    4.000006    0.000029    5.000000    0.000029
   147      6.38265E-02    -90.728676    4.000006    0.000029    5.000000    0.000029
   148      6.23476E-02    -90.728765    4.000006    0.000029    5.000000    0.000029
   149      6.09328E-02    -90.728849    4.000006    0.000029    5.000000    0.000029
   150      5.95798E-02    -90.728929    4.000006    0.000029    5.000000    0.000029
   151      5.82862E-02    -90.729007    4.000006    0.000030    5.000000    0.000030
   152      5.70497E-02    -90.729080    4.000006    0.000030    5.000000    0.000030
   153      5.58679E-02    -90.729151    4.000006    0.000030    5.000000    0.000030
   154      5.47387E-02    -90.729219    4.000006    0.000030    5.000000    0.000030
   155      5.36596E-02    -90.729284    4.000006    0.000030    5.000000    0.000030
   156      5.26286E-02    -90.729347    4.000006    0.000030    5.000000    0.000030
   157      5.16433E-02    -90.729407    4.000006    0.000030    5.000000    0.000030
   158      5.07016E-02    -90.729466    4.000006    0.000030    5.000000    0.000030
   159      4.98015E-02    -90.729522    4.000006    0.000030    5.000000    0.000030
   160      4.89409E-02    -90.729576    4.000006    0.000030    5.000000    0.000030
   161      4.81178E-02    -90.729628    4.000006    0.000030    5.000000    0.000030
   162      4.73304E-02    -90.729679    4.000006    0.000030    5.000000    0.000030
   163      4.65767E-02    -90.729728    4.000006    0.000030    5.000000    0.000030
   164      4.58551E-02    -90.729776    4.000006    0.000030    5.000000    0.000030
   165      4.51637E-02    -90.729822    4.000006    0.000030    5.000000    0.000030
   166      4.45009E-02    -90.729867    4.000006    0.000030    5.000000    0.000030
   167      4.38653E-02    -90.729910    4.000006    0.000030    5.000000    0.000030
   168      4.32551E-02    -90.729952    4.000006    0.000030    5.000000    0.000030
   169      4.26691E-02    -90.729993    4.000006    0.000030    5.000000    0.000030
   170      4.21059E-02    -90.730034    4.000006    0.000030    5.000000    0.000030
   171      4.15640E-02    -90.730073    4.000006    0.000030    5.000000    0.000030
   172      4.10424E-02    -90.730111    4.000006    0.000030    5.000000    0.000030
   173      4.05397E-02    -90.730148    4.000006    0.000030    5.000000    0.000030
   174      4.00550E-02    -90.730184    4.000006    0.000030    5.000000    0.000030
   175      3.95871E-02    -90.730219    4.000006    0.000030    5.000000    0.000030
   176      3.91351E-02    -90.730254    4.000006    0.000030    5.000000    0.000030
   177      3.86979E-02    -90.730288    4.000006    0.000030    5.000000    0.000030
   178      3.82748E-02    -90.730321    4.000006    0.000030    5.000000    0.000030
   179      3.78649E-02    -90.730353    4.000006    0.000030    5.000000    0.000030
   180      3.74673E-02    -90.730385    4.000006    0.000030    5.000000    0.000030
   181      3.70814E-02    -90.730416    4.000006    0.000030    5.000000    0.000030
   182      3.67065E-02    -90.730446    4.000006    0.000030    5.000000    0.000030
   183      3.63419E-02    -90.730476    4.000006    0.000030    5.000000    0.000030
   184      3.59869E-02    -90.730505    4.000006    0.000030    5.000000    0.000030
   185      3.56411E-02    -90.730534    4.000006    0.000030    5.000000    0.000030
   186      3.53038E-02    -90.730562    4.000006    0.000030    5.000000    0.000030
   187      3.49746E-02    -90.730589    4.000006    0.000030    5.000000    0.000030
   188      3.46530E-02    -90.730616    4.000006    0.000030    5.000000    0.000030
   189      3.43386E-02    -90.730643    4.000006    0.000030    5.000000    0.000030
   190      3.40310E-02    -90.730669    4.000006    0.000030    5.000000    0.000030
   191      3.37297E-02    -90.730694    4.000006    0.000030    5.000000    0.000030
   192      3.34343E-02    -90.730720    4.000006    0.000030    5.000000    0.000030
   193      3.31447E-02    -90.730744    4.000006    0.000030    5.000000    0.000030
   194      3.28604E-02    -90.730769    4.000006    0.000030    5.000000    0.000030
   195      3.25811E-02    -90.730793    4.000006    0.000030    5.000000    0.000030
   196      3.23066E-02    -90.730816    4.000006    0.000030    5.000000    0.000030
   197      3.20367E-02    -90.730839    4.000006    0.000030    5.000000    0.000030
   198      3.17711E-02    -90.730862    4.000006    0.000030    5.000000    0.000030
   199      3.15095E-02    -90.730884    4.000006    0.000030    5.000000    0.000030
   200      3.12517E-02    -90.730906    4.000006    0.000030    5.000000    0.000030
   201      3.09977E-02    -90.730928    4.000006    0.000030    5.000000    0.000030
   202      3.07471E-02    -90.730949    4.000006    0.000030    5.000000    0.000030
   203      3.04998E-02    -90.730970    4.000006    0.000030    5.000000    0.000030
   204      3.02556E-02    -90.730991    4.000006    0.000030    5.000000    0.000030
   205      3.00145E-02    -90.731011    4.000006    0.000030    5.000000    0.000030
   206      2.97762E-02    -90.731031    4.000006    0.000030    5.000000    0.000030
   207      2.95407E-02    -90.731051    4.000006    0.000030    5.000000    0.000030
   208      2.93078E-02    -90.731070    4.000006    0.000030    5.000000    0.000030
   209      2.90775E-02    -90.731089    4.000006    0.000030    5.000000    0.000030
   210      2.88495E-02    -90.731108    4.000006    0.000030    5.000000    0.000030
   211      2.86238E-02    -90.731126    4.000006    0.000030    5.000000    0.000030
   212      2.84004E-02    -90.731144    4.000006    0.000030    5.000000    0.000030
   213      2.81790E-02    -90.731162    4.000006    0.000030    5.000000    0.000030
   214      2.79598E-02    -90.731180    4.000006    0.000030    5.000000    0.000030
   215      2.77425E-02    -90.731197    4.000006    0.000030    5.000000    0.000030
   216      2.75271E-02    -90.731214    4.000006    0.000030    5.000000    0.000030
   217      2.73135E-02    -90.731231    4.000006    0.000030    5.000000    0.000030
   218      2.71018E-02    -90.731248    4.000006    0.000030    5.000000    0.000030
   219      2.68917E-02    -90.731264    4.000006    0.000030    5.000000    0.000030
   220      2.66834E-02    -90.731280    4.000006    0.000030    5.000000    0.000030
   221      2.64767E-02    -90.731296    4.000006    0.000030    5.000000    0.000030
   222      2.62715E-02    -90.731311    4.000006    0.000030    5.000000    0.000030
   223      2.60679E-02    -90.731327    4.000006    0.000030    5.000000    0.000030
   224      2.58658E-02    -90.731342    4.000006    0.000030    5.000000    0.000030
   225      2.56651E-02    -90.731356    4.000006    0.000030    5.000000    0.000030
   226      2.54658E-02    -90.731371    4.000006    0.000030    5.000000    0.000030
   227      2.52680E-02    -90.731385    4.000006    0.000030    5.000000    0.000030
   228      2.50715E-02    -90.731400    4.000006    0.000030    5.000000    0.000030
   229      2.48763E-02    -90.731413    4.000006    0.000030    5.000000    0.000030
   230      2.46824E-02    -90.731427    4.000006    0.000030    5.000000    0.000030
   231      2.44898E-02    -90.731441    4.000006    0.000030    5.000000    0.000030
   232      2.42984E-02    -90.731454    4.000006    0.000030    5.000000    0.000030
   233      2.41083E-02    -90.731467    4.000006    0.000030    5.000000    0.000030
   234      2.39194E-02    -90.731480    4.000006    0.000030    5.000000    0.000030
   235      2.37316E-02    -90.731493    4.000006    0.000030    5.000000    0.000030
   236      2.35450E-02    -90.731505    4.000006    0.000030    5.000000    0.000030
   237      2.33596E-02    -90.731517    4.000006    0.000030    5.000000    0.000030
   238      2.31753E-02    -90.731530    4.000006    0.000030    5.000000    0.000030
   239      2.29922E-02    -90.731541    4.000006    0.000030    5.000000    0.000030
   240      2.28101E-02    -90.731553    4.000006    0.000030    5.000000    0.000030
   241      2.26291E-02    -90.731565    4.000006    0.000030    5.000000    0.000030
   242      2.24492E-02    -90.731576    4.000006    0.000030    5.000000    0.000030
   243      2.22704E-02    -90.731587    4.000006    0.000030    5.000000    0.000030
   244      2.20926E-02    -90.731598    4.000006    0.000030    5.000000    0.000030
   245      2.19158E-02    -90.731609    4.000006    0.000030    5.000000    0.000030
   246      2.17401E-02    -90.731620    4.000006    0.000030    5.000000    0.000030
   247      2.15655E-02    -90.731630    4.000006    0.000030    5.000000    0.000030
   248      2.13918E-02    -90.731640    4.000006    0.000030    5.000000    0.000030
   249      2.12191E-02    -90.731651    4.000006    0.000030    5.000000    0.000030
   250      2.10475E-02    -90.731661    4.000006    0.000030    5.000000    0.000030
   251      2.08768E-02    -90.731670    4.000006    0.000030    5.000000    0.000030
   252      2.07072E-02    -90.731680    4.000006    0.000030    5.000000    0.000030
   253      2.05385E-02    -90.731690    4.000006    0.000030    5.000000    0.000030
   254      2.03708E-02    -90.731699    4.000006    0.000030    5.000000    0.000030
   255      2.02040E-02    -90.731708    4.000006    0.000030    5.000000    0.000030
   256      2.00382E-02    -90.731717    4.000006    0.000030    5.000000    0.000030
   257      1.98734E-02    -90.731726    4.000006    0.000030    5.000000    0.000030
   258      1.97096E-02    -90.731735    4.000006    0.000030    5.000000    0.000030
   259      1.95467E-02    -90.731743    4.000006    0.000029    5.000000    0.000029
   260      1.93847E-02    -90.731752    4.000006    0.000029    5.000000    0.000029
   261      1.92237E-02    -90.731760    4.000006    0.000029    5.000000    0.000029
   262      1.90636E-02    -90.731768    4.000006    0.000029    5.000000    0.000029
   263      1.89044E-02    -90.731776    4.000006    0.000029    5.000000    0.000029
   264      1.87462E-02    -90.731784    4.000006    0.000029    5.000000    0.000029
   265      1.85889E-02    -90.731792    4.000006    0.000029    5.000000    0.000029
   266      1.84326E-02    -90.731800    4.000006    0.000029    5.000000    0.000029
   267      1.82771E-02    -90.731807    4.000006    0.000029    5.000000    0.000029
   268      1.81226E-02    -90.731815    4.000006    0.000029    5.000000    0.000029
   269      1.79691E-02    -90.731822    4.000006    0.000029    5.000000    0.000029
   270      1.78164E-02    -90.731829    4.000006    0.000029    5.000000    0.000029
   271      1.76646E-02    -90.731836    4.000006    0.000029    5.000000    0.000029
   272      1.75138E-02    -90.731843    4.000006    0.000029    5.000000    0.000029
   273      1.73639E-02    -90.731850    4.000006    0.000029    5.000000    0.000029
   274      1.72148E-02    -90.731856    4.000006    0.000029    5.000000    0.000029
   275      1.70667E-02    -90.731863    4.000006    0.000029    5.000000    0.000029
   276      1.69195E-02    -90.731870    4.000006    0.000029    5.000000    0.000029
   277      1.67732E-02    -90.731876    4.000006    0.000029    5.000000    0.000029
   278      1.66278E-02    -90.731882    4.000006    0.000029    5.000000    0.000029
   279      1.64833E-02    -90.731888    4.000006    0.000029    5.000000    0.000029
   280      1.63397E-02    -90.731894    4.000006    0.000029    5.000000    0.000029
   281      1.61970E-02    -90.731900    4.000006    0.000029    5.000000    0.000029
   282      1.60552E-02    -90.731906    4.000006    0.000029    5.000000    0.000029
   283      1.59143E-02    -90.731912    4.000006    0.000029    5.000000    0.000029
   284      1.57743E-02    -90.731917    4.000006    0.000029    5.000000    0.000029
   285      1.56352E-02    -90.731923    4.000006    0.000029    5.000000    0.000029
   286      1.54969E-02    -90.731928    4.000006    0.000029    5.000000    0.000029
   287      1.53596E-02    -90.731933    4.000006    0.000029    5.000000    0.000029
   288      1.52231E-02    -90.731939    4.000006    0.000029    5.000000    0.000029
   289      1.50876E-02    -90.731944    4.000006    0.000029    5.000000    0.000029
   290      1.49529E-02    -90.731949    4.000006    0.000029    5.000000    0.000029
   291      1.48191E-02    -90.731954    4.000006    0.000029    5.000000    0.000029
   292      1.46862E-02    -90.731959    4.000006    0.000029    5.000000    0.000029
   293      1.45541E-02    -90.731963    4.000006    0.000029    5.000000    0.000029
   294      1.44230E-02    -90.731968    4.000006    0.000029    5.000000    0.000029
   295      1.42927E-02    -90.731973    4.000006    0.000029    5.000000    0.000029
   296      1.41633E-02    -90.731977    4.000006    0.000029    5.000000    0.000029
   297      1.40348E-02    -90.731982    4.000006    0.000029    5.000000    0.000029
   298      1.39071E-02    -90.731986    4.000006    0.000029    5.000000    0.000029
   299      1.37804E-02    -90.731990    4.000006    0.000029    5.000000    0.000029
   300      1.36544E-02    -90.731995    4.000006    0.000029    5.000000    0.000029
   301      1.35294E-02    -90.731999    4.000006    0.000029    5.000000    0.000029
   302      1.34052E-02    -90.732003    4.000006    0.000029    5.000000    0.000029
   303      1.32819E-02    -90.732007    4.000006    0.000029    5.000000    0.000029
   304      1.31595E-02    -90.732011    4.000006    0.000029    5.000000    0.000029
   305      1.30379E-02    -90.732014    4.000006    0.000029    5.000000    0.000029
   306      1.29172E-02    -90.732018    4.000006    0.000029    5.000000    0.000029
   307      1.27973E-02    -90.732022    4.000006    0.000029    5.000000    0.000029
   308      1.26783E-02    -90.732026    4.000006    0.000029    5.000000    0.000029
   309      1.25601E-02    -90.732029    4.000006    0.000029    5.000000    0.000029
   310      1.24428E-02    -90.732033    4.000006    0.000029    5.000000    0.000029
   311      1.23263E-02    -90.732036    4.000006    0.000029    5.000000    0.000029
   312      1.22107E-02    -90.732039    4.000006    0.000029    5.000000    0.000029
   313      1.20960E-02    -90.732043    4.000006    0.000029    5.000000    0.000029
   314      1.19820E-02    -90.732046    4.000006    0.000029    5.000000    0.000029
   315      1.18690E-02    -90.732049    4.000006    0.000029    5.000000    0.000029
   316      1.17567E-02    -90.732052    4.000006    0.000029    5.000000    0.000029
   317      1.16453E-02    -90.732055    4.000006    0.000029    5.000000    0.000029
   318      1.15347E-02    -90.732058    4.000006    0.000029    5.000000    0.000029
   319      1.14250E-02    -90.732061    4.000006    0.000029    5.000000    0.000029
   320      1.13161E-02    -90.732064    4.000006    0.000029    5.000000    0.000029
   321      1.12080E-02    -90.732067    4.000006    0.000029    5.000000    0.000029
   322      1.11007E-02    -90.732070    4.000006    0.000029    5.000000    0.000029
   323      1.09943E-02    -90.732072    4.000006    0.000029    5.000000    0.000029
   324      1.08886E-02    -90.732075    4.000006    0.000029    5.000000    0.000029
   325      1.07838E-02    -90.732078    4.000006    0.000029    5.000000    0.000029
   326      1.06798E-02    -90.732080    4.000006    0.000029    5.000000    0.000029
   327      1.05766E-02    -90.732083    4.000006    0.000029    5.000000    0.000029
   328      1.04743E-02    -90.732085    4.000006    0.000029    5.000000    0.000029
   329      1.03727E-02    -90.732088    4.000006    0.000029    5.000000    0.000029
   330      1.02719E-02    -90.732090    4.000006    0.000029    5.000000    0.000029
   331      1.01719E-02    -90.732092    4.000006    0.000029    5.000000    0.000029
   332      1.00727E-02    -90.732095    4.000006    0.000029    5.000000    0.000029
   333      9.97434E-03    -90.732097    4.000006    0.000029    5.000000    0.000029

Calculation converged

%%%%%%%%%%%%%%%%%%%%%%%%%%%%%%%%%%%%%%%%%%%%%%%%%%%%%%%%%%%%
                 PROJECTED STATE PROPERTIES
%%%%%%%%%%%%%%%%%%%%%%%%%%%%%%%%%%%%%%%%%%%%%%%%%%%%%%%%%%%%

      Quantity            Mean      Variance
--------------------------------------------
Projected overlap      0.3217346
Number of protons      4.0000058   0.0000291
Number of neutrons     4.9999997   0.0000291
Parity                 1.0000000

ENERGY DECOMPOSITION
====================

Part \ Iso      p-p          n-n          p-n          Total
-------------------------------------------------------------
Zero-body                                            0.000000
One-body    -13.398082   -17.384887                -30.782969
 ph part    -27.437337   -27.984497    -0.835677   -56.257511
 pp part     -1.369991    -1.106266    -1.215360    -3.691617
Two-body    -28.807328   -29.090763    -2.051037   -59.949128
Full H      -42.205410   -46.475650    -2.051037   -90.732097

MULTIPOLE DEFORMATIONS
======================
                                     Nucleons
Q_lm     Protons    Neutrons   Isoscalar   Isovector
----------------------------------------------------
Q_10    0.000000    0.000000    0.000000    0.000000
Q_11    0.000000    0.000000    0.000000    0.000000
Q_20   -4.691704   -3.956034   -8.647737    0.735670
Q_21   -0.031154   -0.031005   -0.062159    0.000149
Q_22    5.282919    3.964909    9.247828   -1.318009
Q_30    0.000000    0.000000    0.000000    0.000000
Q_31    0.000000    0.000000    0.000000    0.000000
Q_32    0.000000    0.000000    0.000000    0.000000
Q_33    0.000000    0.000000    0.000000    0.000000
Q_40    0.773068    2.690511    3.463579    1.917442
Q_41   -0.406163   -0.383464   -0.789627    0.022699
Q_42    0.423962   -1.706852   -1.282890   -2.130814
Q_43    0.336373    0.201489    0.537862   -0.134884
Q_44   -5.421028   -2.132085   -7.553113    3.288943

                                        Nucleons
Beta_lm     Protons    Neutrons   Isoscalar   Isovector
-------------------------------------------------------
Beta_10    0.000000    0.000000    0.000000    0.000000
Beta_11    0.000000    0.000000    0.000000    0.000000
Beta_20   -0.216981   -0.160108   -0.117687    0.010012
Beta_21   -0.001441   -0.001255   -0.000846    0.000002
Beta_22    0.244323    0.160468    0.125854   -0.017937
Beta_30    0.000000    0.000000    0.000000    0.000000
Beta_31    0.000000    0.000000    0.000000    0.000000
Beta_32    0.000000    0.000000    0.000000    0.000000
Beta_33    0.000000    0.000000    0.000000    0.000000
Beta_40    0.004737    0.013677    0.003829    0.002119
Beta_41   -0.002489   -0.001949   -0.000873    0.000025
Beta_42    0.002598   -0.008677   -0.001418   -0.002355
Beta_43    0.002061    0.001024    0.000595   -0.000149
Beta_44   -0.033217   -0.010838   -0.008349    0.003635

                                        Nucleons
Triaxial    Protons    Neutrons   Isoscalar   Isovector
-------------------------------------------------------
Beta       0.408005    0.277731    0.213374    0.027271
Gamma    122.127751  125.203881  123.473581  291.538357

RADIUS
======
                                        Nucleons
Quantity    Protons    Neutrons   Isoscalar   Isovector     Charge
-------------------------------------------------------------------
  r        3.412298    3.412298    3.412298    1.137429    3.500193
  r^2     11.643780   11.643780   11.643780    1.293745   12.251350

Warning: no center-of-mass correction.

ANGULAR MOMENTUM
================

  i        J_i         J_i^2     Var(J_i)
-----------------------------------------
  X      2.489445    6.264824    0.067486
  Y     -0.000000    5.379020    5.379020
  Z      0.028792    4.966303    4.965474
Total               16.610146

%%%%%%%%%%%%%%%%%%%%%%%%%%%%%%%%%%%%%%%%%%%%%%%%%%%%%%%%%%%%
               QUASIPARTICLE STATE PROPERTIES
%%%%%%%%%%%%%%%%%%%%%%%%%%%%%%%%%%%%%%%%%%%%%%%%%%%%%%%%%%%%

Label of the state: 907320969889735424

      Quantity            Mean      Variance
--------------------------------------------
Norm                   1.0000000
Number of protons      4.0000000   1.5247031
Number of neutrons     5.0000005   1.3254414
Parity                 1.0000000

ENERGY DECOMPOSITION
====================

Part \ Iso      p-p          n-n          p-n          Total
-------------------------------------------------------------
Zero-body                                            0.000000
One-body    -12.155037   -16.014748                -28.169785
 ph part    -26.111216   -26.825353     0.072625   -52.863944
 pp part     -1.413139    -1.036706    -1.266858    -3.716704
Two-body    -27.524355   -27.862059    -1.194233   -56.580648
Full H      -39.679393   -43.876807    -1.194233   -84.750433

MULTIPOLE DEFORMATIONS
======================
                                     Nucleons
Q_lm     Protons    Neutrons   Isoscalar   Isovector
----------------------------------------------------
Q_10    0.000000    0.000000    0.000000    0.000000
Q_11    0.000000    0.000000    0.000000    0.000000
Q_20   -4.375377   -3.754987   -8.130364    0.620391
Q_21   -0.000000    0.000000    0.000000    0.000000
Q_22    4.989918    3.854783    8.844701   -1.135135
Q_30    0.000000    0.000000    0.000000    0.000000
Q_31    0.000000    0.000000    0.000000    0.000000
Q_32    0.000000    0.000000    0.000000    0.000000
Q_33    0.000000    0.000000    0.000000    0.000000
Q_40    0.456103    1.597879    2.053982    1.141776
Q_41   -1.086803   -1.005611   -2.092414    0.081192
Q_42    0.361687   -0.944849   -0.583162   -1.306535
Q_43    0.878334    0.741536    1.619870   -0.136798
Q_44   -3.750347   -1.544539   -5.294887    2.205808

                                        Nucleons
Beta_lm     Protons    Neutrons   Isoscalar   Isovector
-------------------------------------------------------
Beta_10    0.000000    0.000000    0.000000    0.000000
Beta_11    0.000000    0.000000    0.000000    0.000000
Beta_20   -0.202351   -0.151972   -0.110646    0.008443
Beta_21   -0.000000    0.000000    0.000000    0.000000
Beta_22    0.230773    0.156010    0.120367   -0.015448
Beta_30    0.000000    0.000000    0.000000    0.000000
Beta_31    0.000000    0.000000    0.000000    0.000000
Beta_32    0.000000    0.000000    0.000000    0.000000
Beta_33    0.000000    0.000000    0.000000    0.000000
Beta_40    0.002795    0.008123    0.002270    0.001262
Beta_41   -0.006659   -0.005112   -0.002313    0.000090
Beta_42    0.002216   -0.004803   -0.000645   -0.001444
Beta_43    0.005382    0.003770    0.001791   -0.000151
Beta_44   -0.022980   -0.007852   -0.005853    0.002438

                                        Nucleons
Triaxial    Protons    Neutrons   Isoscalar   Isovector
-------------------------------------------------------
Beta       0.384003    0.267906    0.203025    0.023422
Gamma    121.799824  124.559093  123.023777  291.129437

RADIUS
======
                                        Nucleons
Quantity    Protons    Neutrons   Isoscalar   Isovector     Charge
-------------------------------------------------------------------
  r        3.412298    3.412298    3.412298    1.137433    3.499022
  r^2     11.643780   11.643780   11.643780    1.293754   12.243158

Warning: no center-of-mass correction.

ANGULAR MOMENTUM
================

  i        J_i         J_i^2     Var(J_i)
-----------------------------------------
  X      2.493426    6.414658    0.197487
  Y      0.000000    5.567789    5.567789
  Z      0.027458    5.100318    5.099564
Total               17.082765

PAIR COUPLING
=============

   MJ or MT =       -1           0          +1
-------------------------------------------------
T = 0 ; J = 1    0.172509    0.122841    0.175910
T = 1 ; J = 0    1.214723    0.804469    0.977767

%%%%%%%%%%%%%%%%%%%%%%%%%%%%%%%%%%%%%%%%%%%%%%%%%%%%%%%%%%%%
                    COMPLEMENTARY FILES
%%%%%%%%%%%%%%%%%%%%%%%%%%%%%%%%%%%%%%%%%%%%%%%%%%%%%%%%%%%%

     Description                 File
--------------------------------------------
 Occupation numbers : occupation_numbers.dat
 Canonical basis    : canonicalbasis.dat
 Eigenbasis h       : eigenbasis_h.dat
 Eigenbasis H11     : eigenbasis_H11.dat
 Final wave function: final_wf.bin
 Reduced hamiltonian: usdb.red

This is the end, my only friend, the end.
