 __________________________________________________________ 
|                                                          |
|  (______)                                                |
|  <(0  0)>   TAURUS_vap, version 2022.05.08               |
|    (°°)                                                  |
|                                                          |
| This code performs the particle-number variation after   |
| projection of real general Bogoliubov quasi-particle     |
| states represented in a spherical harmonic oscillator    |
| basis.                                                   |
|                                                          |
| Licence: GNU General Public License version 3 or later   |
| DOI: https://doi.org/10.5281/zenodo.6906647              |
| Git: https://github.com/project-taurus/taurus_pav.git    |
|                                                          |
| Contributors: B. Bally, T. Rodríguez, A. Sánchez-F.      |
|__________________________________________________________|

%%%%%%%%%%%%%%%%%%%%%%%%%%%%%%%%%%%%%%%%%%%%%%%%%%%%%%%%%%%%
                      INPUT PARAMETERS
%%%%%%%%%%%%%%%%%%%%%%%%%%%%%%%%%%%%%%%%%%%%%%%%%%%%%%%%%%%%

Interaction                   
-----------                   
Master name hamil. files      usdb
Center-of-mass correction     0
Read reduced hamiltonian      0
No. of MPI proc per H team    0    
                              
Particle Number               
---------------               
Number of active protons      4.00      
Number of active neutrons     4.00      
No. of gauge angles protons   1    
No. of gauge angles neutrons  1    
                              
Wave Function                 
-------------                 
Type of seed wave function    0
Number of QP to block         0    
No symmetry simplifications   0
Seed random number generation 0    
Read/write wf file as text    0
Cutoff occupied s.-p. states  0.000E+00 
Include all empty sp states   0
Spatial one-body density      0
Discretization for x/r        0   0.00 
Discretization for y/theta    0   0.00 
Discretization for z/phi      0   0.00 
                              
Iterative Procedure           
-------------------           
Maximum no. of iterations     1000 
Step intermediate wf writing  0    
More intermediate printing    0
Type of gradient              1
Parameter eta for gradient    1.000E-01 
Parameter mu  for gradient    3.000E-01 
Tolerance for gradient        1.000E-02 
                              
Constraints                   
-----------                   
Force constraint N/Z          1
Constraint beta_lm            2
Pair coupling scheme          1
Tolerance for constraints     1.000E-06 
Constraint multipole Q10      0   0.000
Constraint multipole Q11      0   0.000
Constraint multipole Q20      1   0.300
Constraint multipole Q21      2   0.000   0.000
Constraint multipole Q22      1   5.000
Constraint multipole Q30      0   0.000
Constraint multipole Q31      0   0.000
Constraint multipole Q32      0   0.000
Constraint multipole Q33      0   0.000
Constraint multipole Q40      0   0.000
Constraint multipole Q41      0   0.000
Constraint multipole Q42      0   0.000
Constraint multipole Q43      0   0.000
Constraint multipole Q44      0   0.000
Constraint radius sqrt(r^2)   0   0.000
Constraint ang. mom. Jx       0   0.000
Constraint ang. mom. Jy       0   0.000
Constraint ang. mom. Jz       0   0.000
Constraint pair P_T00_J10     0   0.000
Constraint pair P_T00_J1m1    0   0.000
Constraint pair P_T00_J1p1    0   0.000
Constraint pair P_T10_J00     0   0.000
Constraint pair P_T1m1_J00    0   0.000
Constraint pair P_T1p1_J00    0   0.000
Constraint field Delta        0   0.000
  
%%%%%%%%%%%%%%%%%%%%%%%%%%%%%%%%%%%%%%%%%%%%%%%%%%%%%%%%%%%%
                           NUCLEUS
%%%%%%%%%%%%%%%%%%%%%%%%%%%%%%%%%%%%%%%%%%%%%%%%%%%%%%%%%%%%

Part \ No.     Z          N          A
----------------------------------------
Valence       4.00       4.00       8.00
Core          8.00       8.00      16.00
Nucleus      12.00      12.00      24.00

%%%%%%%%%%%%%%%%%%%%%%%%%%%%%%%%%%%%%%%%%%%%%%%%%%%%%%%%%%%%
                          HO BASIS
%%%%%%%%%%%%%%%%%%%%%%%%%%%%%%%%%%%%%%%%%%%%%%%%%%%%%%%%%%%%

    Quantity          Value
---------------------------
No. of sp states        24
Max. value of N          2
Max. value of l          2
Max. value of 2j         5
hbar*omega (MeV)    12.596
Osc. length b (fm)   1.815
No. of shells            3
List of shells         205   1001    203

%%%%%%%%%%%%%%%%%%%%%%%%%%%%%%%%%%%%%%%%%%%%%%%%%%%%%%%%%%%%
                         HAMILTONIAN
%%%%%%%%%%%%%%%%%%%%%%%%%%%%%%%%%%%%%%%%%%%%%%%%%%%%%%%%%%%%

   Description        Value
---------------------------
Main name of files    usdb
Name of hamiltonian   USDB (Brown.2006.PRC.74.034315)
Type of hamiltonian     1   (ANTOINE, spe_p==spe_n)
Read from file          0   (normal)
Number of 2BME        1396        

%%%%%%%%%%%%%%%%%%%%%%%%%%%%%%%%%%%%%%%%%%%%%%%%%%%%%%%%%%%%
                        WAVE FUNCTION
%%%%%%%%%%%%%%%%%%%%%%%%%%%%%%%%%%%%%%%%%%%%%%%%%%%%%%%%%%%%

   Description         Value
----------------------------
Initial type of seed     0   (general, unrestricted)
Number of qp blocked     0
Total number parity      1
No. of fully occ. sp     0

  Symmetry       ?      Mean              Action
----------------------------------------------------------
Separate N/Z     no               
Good Z           no    3.95072    
Good N           no    4.04928    
Good P          yes    1.00000
Good Jz          no    0.28353

%%%%%%%%%%%%%%%%%%%%%%%%%%%%%%%%%%%%%%%%%%%%%%%%%%%%%%%%%%%%
                   ITERATIVE MINIMIZATION
%%%%%%%%%%%%%%%%%%%%%%%%%%%%%%%%%%%%%%%%%%%%%%%%%%%%%%%%%%%%
 
Iteration     Gradient       Energy      Protons    Var(Prot)    Neutrons   Var(Neut)
-------------------------------------------------------------------------------------
     1      9.63276E+00    -65.922429    4.000000    0.715639    4.000000    1.144002
     2      2.13223E+01    -72.068666    4.000000    0.576387    4.000000    1.123066
     3      1.58923E+01    -74.293805    4.000000    0.559420    4.000000    0.964576
     4      1.30063E+01    -75.486777    4.000000    0.586859    4.000000    0.715735
     5      1.00623E+01    -76.304217    4.000000    0.530811    4.000000    0.490249
     6      7.07273E+00    -76.706574    4.000000    0.423304    4.000000    0.360498
     7      5.71539E+00    -77.047447    4.000000    0.319915    4.000000    0.280046
     8      4.87989E+00    -77.400591    4.000000    0.239198    4.000000    0.218588
     9      3.92270E+00    -77.651349    4.000000    0.182730    4.000000    0.172943
    10      3.05676E+00    -77.804267    4.000000    0.144039    4.000000    0.139539
    11      2.34964E+00    -77.895147    4.000000    0.117033    4.000000    0.114758
    12      1.82153E+00    -77.949210    4.000000    0.097482    4.000000    0.096067
    13      1.48130E+00    -77.983523    4.000000    0.082657    4.000000    0.081580
    14      1.26746E+00    -78.007952    4.000000    0.070738    4.000000    0.069826
    15      1.11462E+00    -78.026702    4.000000    0.060796    4.000000    0.060012
    16      9.92023E-01    -78.041529    4.000000    0.052396    4.000000    0.051733
    17      8.90262E-01    -78.053466    4.000000    0.045281    4.000000    0.044731
    18      8.05184E-01    -78.063231    4.000000    0.039244    4.000000    0.038791
    19      7.33916E-01    -78.071332    4.000000    0.034102    4.000000    0.033730
    20      6.73540E-01    -78.078141    4.000000    0.029699    4.000000    0.029393
    21      6.21094E-01    -78.083921    4.000000    0.025909    4.000000    0.025657
    22      5.74468E-01    -78.088861    4.000000    0.022635    4.000000    0.022426
    23      5.32436E-01    -78.093101    4.000000    0.019798    4.000000    0.019626
    24      4.94212E-01    -78.096749    4.000000    0.017335    4.000000    0.017193
    25      4.59224E-01    -78.099898    4.000000    0.015195    4.000000    0.015077
    26      4.27054E-01    -78.102619    4.000000    0.013332    4.000000    0.013234
    27      3.97405E-01    -78.104974    4.000000    0.011710    4.000000    0.011629
    28      3.70040E-01    -78.107015    4.000000    0.010297    4.000000    0.010229
    29      3.44751E-01    -78.108786    4.000000    0.009064    4.000000    0.009008
    30      3.21347E-01    -78.110325    4.000000    0.007989    4.000000    0.007942
    31      2.99663E-01    -78.111662    4.000000    0.007050    4.000000    0.007011
    32      2.79554E-01    -78.112826    4.000000    0.006230    4.000000    0.006198
    33      2.60893E-01    -78.113839    4.000000    0.005513    4.000000    0.005486
    34      2.43562E-01    -78.114722    4.000000    0.004887    4.000000    0.004864
    35      2.27456E-01    -78.115492    4.000000    0.004339    4.000000    0.004320
    36      2.12479E-01    -78.116163    4.000000    0.003860    4.000000    0.003844
    37      1.98545E-01    -78.116750    4.000000    0.003440    4.000000    0.003427
    38      1.85575E-01    -78.117262    4.000000    0.003073    4.000000    0.003062
    39      1.73497E-01    -78.117709    4.000000    0.002751    4.000000    0.002742
    40      1.62245E-01    -78.118101    4.000000    0.002469    4.000000    0.002461
    41      1.51759E-01    -78.118443    4.000000    0.002222    4.000000    0.002215
    42      1.41984E-01    -78.118743    4.000000    0.002005    4.000000    0.002000
    43      1.32867E-01    -78.119006    4.000000    0.001815    4.000000    0.001810
    44      1.24363E-01    -78.119235    4.000000    0.001648    4.000000    0.001644
    45      1.16427E-01    -78.119437    4.000000    0.001502    4.000000    0.001499
    46      1.09021E-01    -78.119614    4.000000    0.001373    4.000000    0.001371
    47      1.02105E-01    -78.119769    4.000000    0.001261    4.000000    0.001258
    48      9.56470E-02    -78.119905    4.000000    0.001162    4.000000    0.001160
    49      8.96145E-02    -78.120024    4.000000    0.001075    4.000000    0.001073
    50      8.39782E-02    -78.120129    4.000000    0.000998    4.000000    0.000997
    51      7.87109E-02    -78.120221    4.000000    0.000931    4.000000    0.000930
    52      7.37873E-02    -78.120302    4.000000    0.000872    4.000000    0.000871
    53      6.91839E-02    -78.120373    4.000000    0.000821    4.000000    0.000820
    54      6.48791E-02    -78.120435    4.000000    0.000775    4.000000    0.000775
    55      6.08525E-02    -78.120490    4.000000    0.000735    4.000000    0.000735
    56      5.70855E-02    -78.120539    4.000000    0.000700    4.000000    0.000700
    57      5.35607E-02    -78.120581    4.000000    0.000669    4.000000    0.000669
    58      5.02617E-02    -78.120619    4.000000    0.000642    4.000000    0.000642
    59      4.71735E-02    -78.120652    4.000000    0.000619    4.000000    0.000618
    60      4.42821E-02    -78.120681    4.000000    0.000598    4.000000    0.000598
    61      4.15744E-02    -78.120706    4.000000    0.000580    4.000000    0.000580
    62      3.90383E-02    -78.120729    4.000000    0.000564    4.000000    0.000564
    63      3.66625E-02    -78.120749    4.000000    0.000550    4.000000    0.000550
    64      3.44365E-02    -78.120766    4.000000    0.000538    4.000000    0.000538
    65      3.23505E-02    -78.120782    4.000000    0.000527    4.000000    0.000527
    66      3.03953E-02    -78.120796    4.000000    0.000518    4.000000    0.000518
    67      2.85625E-02    -78.120808    4.000000    0.000510    4.000000    0.000510
    68      2.68441E-02    -78.120818    4.000000    0.000503    4.000000    0.000503
    69      2.52327E-02    -78.120828    4.000000    0.000497    4.000000    0.000497
    70      2.37216E-02    -78.120837    4.000000    0.000492    4.000000    0.000492
    71      2.23042E-02    -78.120844    4.000000    0.000487    4.000000    0.000487
    72      2.09746E-02    -78.120851    4.000000    0.000483    4.000000    0.000483
    73      1.97272E-02    -78.120856    4.000000    0.000480    4.000000    0.000480
    74      1.85568E-02    -78.120861    4.000000    0.000477    4.000000    0.000477
    75      1.74585E-02    -78.120866    4.000000    0.000475    4.000000    0.000475
    76      1.64278E-02    -78.120869    4.000000    0.000473    4.000000    0.000473
    77      1.54605E-02    -78.120873    4.000000    0.000472    4.000000    0.000471
    78      1.45526E-02    -78.120876    4.000000    0.000470    4.000000    0.000470
    79      1.37005E-02    -78.120879    4.000000    0.000469    4.000000    0.000469
    80      1.29006E-02    -78.120881    4.000000    0.000469    4.000000    0.000469
    81      1.21499E-02    -78.120884    4.000000    0.000468    4.000000    0.000468
    82      1.14452E-02    -78.120886    4.000000    0.000468    4.000000    0.000468
    83      1.07838E-02    -78.120888    4.000000    0.000468    4.000000    0.000468
    84      1.01629E-02    -78.120890    4.000000    0.000468    4.000000    0.000468
    85      9.58019E-03    -78.120891    4.000000    0.000468    4.000000    0.000468

Calculation converged

%%%%%%%%%%%%%%%%%%%%%%%%%%%%%%%%%%%%%%%%%%%%%%%%%%%%%%%%%%%%
               QUASIPARTICLE STATE PROPERTIES
%%%%%%%%%%%%%%%%%%%%%%%%%%%%%%%%%%%%%%%%%%%%%%%%%%%%%%%%%%%%

Label of the state: 781208911976107392

      Quantity            Mean      Variance
--------------------------------------------
Norm                   1.0000000
Number of protons      4.0000000   0.0004678
Number of neutrons     4.0000000   0.0004678
Parity                 1.0000000

ENERGY DECOMPOSITION
====================

Part \ Iso      p-p          n-n          p-n          Total
-------------------------------------------------------------
Zero-body                                            0.000000
One-body    -11.204556   -11.204556                -22.409111
 ph part    -27.854680   -27.854680     0.000000   -55.709360
 pp part     -0.000000    -0.000000    -0.002420    -0.002420
Two-body    -27.854680   -27.854680    -0.002420   -55.711780
Full H      -39.059236   -39.059236    -0.002420   -78.120891

MULTIPOLE DEFORMATIONS
======================
                                     Nucleons
Q_lm     Protons    Neutrons   Isoscalar   Isovector
----------------------------------------------------
Q_10    0.000000    0.000000    0.000000    0.000000
Q_11    0.000000    0.000000    0.000000    0.000000
Q_20   10.257970   10.257970   20.515941   -0.000000
Q_21   -0.000000    0.000000   -0.000000    0.000000
Q_22    0.634598    0.634598    1.269195    0.000000
Q_30    0.000000    0.000000    0.000000    0.000000
Q_31    0.000000    0.000000    0.000000    0.000000
Q_32    0.000000    0.000000    0.000000    0.000000
Q_33    0.000000    0.000000    0.000000    0.000000
Q_40   -0.696168   -0.696168   -1.392337   -0.000000
Q_41    0.000012    0.000013    0.000025    0.000001
Q_42   10.929128   10.929128   21.858256    0.000000
Q_43    0.000004    0.000003    0.000007   -0.000000
Q_44   -0.000315   -0.000315   -0.000630   -0.000000

                                        Nucleons
Beta_lm     Protons    Neutrons   Isoscalar   Isovector
-------------------------------------------------------
Beta_10    0.000000    0.000000    0.000000    0.000000
Beta_11    0.000000    0.000000    0.000000    0.000000
Beta_20    0.474408    0.474408    0.298858   -0.000000
Beta_21   -0.000000    0.000000   -0.000000    0.000000
Beta_22    0.029349    0.029349    0.018489    0.000000
Beta_30    0.000000    0.000000    0.000000    0.000000
Beta_31    0.000000    0.000000    0.000000    0.000000
Beta_32    0.000000    0.000000    0.000000    0.000000
Beta_33    0.000000    0.000000    0.000000    0.000000
Beta_40   -0.004266   -0.004266   -0.001693   -0.000000
Beta_41    0.000000    0.000000    0.000000    0.000000
Beta_42    0.066967    0.066967    0.026576    0.000000
Beta_43    0.000000    0.000000    0.000000   -0.000000
Beta_44   -0.000002   -0.000002   -0.000001   -0.000000

                                        Nucleons
Triaxial    Protons    Neutrons   Isoscalar   Isovector
-------------------------------------------------------
Beta       0.476220    0.476220    0.300000    0.000000
Gamma      5.000002    5.000002    5.000002   99.758987

RADIUS
======
                                        Nucleons
Quantity    Protons    Neutrons   Isoscalar   Isovector     Charge
-------------------------------------------------------------------
  r        3.394620    3.394620    3.394620    0.000000    3.490167
  r^2     11.523444   11.523444   11.523444    0.000000   12.181268

Warning: no center-of-mass correction.

ANGULAR MOMENTUM
================

  i        J_i         J_i^2     Var(J_i)
-----------------------------------------
  X      0.000022   10.804107   10.804107
  Y      0.000000    9.661967    9.661967
  Z      0.000015    0.252674    0.252674
Total               20.718747

PAIR COUPLING
=============

   MJ or MT =       -1           0          +1
-------------------------------------------------
T = 0 ; J = 1    0.000480    0.009393    0.000585
T = 1 ; J = 0    0.000046    0.000156    0.000028

%%%%%%%%%%%%%%%%%%%%%%%%%%%%%%%%%%%%%%%%%%%%%%%%%%%%%%%%%%%%
                    COMPLEMENTARY FILES
%%%%%%%%%%%%%%%%%%%%%%%%%%%%%%%%%%%%%%%%%%%%%%%%%%%%%%%%%%%%

     Description                 File
--------------------------------------------
 Occupation numbers : occupation_numbers.dat
 Canonical basis    : canonicalbasis.dat
 Eigenbasis h       : eigenbasis_h.dat
 Eigenbasis H11     : eigenbasis_H11.dat
 Final wave function: final_wf.bin
 Reduced hamiltonian: usdb.red

This is the end, my only friend, the end.
