 __________________________________________________________ 
|                                                          |
|  (______)                                                |
|  <(0  0)>   TAURUS_vap, version 2022.05.08               |
|    (°°)                                                  |
|                                                          |
| This code performs the particle-number variation after   |
| projection of real general Bogoliubov quasi-particle     |
| states represented in a spherical harmonic oscillator    |
| basis.                                                   |
|                                                          |
| Licence: GNU General Public License version 3 or later   |
| DOI: https://doi.org/10.5281/zenodo.6906647              |
| Git: https://github.com/project-taurus/taurus_pav.git    |
|                                                          |
| Contributors: B. Bally, T. Rodríguez, A. Sánchez-F.      |
|__________________________________________________________|

%%%%%%%%%%%%%%%%%%%%%%%%%%%%%%%%%%%%%%%%%%%%%%%%%%%%%%%%%%%%
                      INPUT PARAMETERS
%%%%%%%%%%%%%%%%%%%%%%%%%%%%%%%%%%%%%%%%%%%%%%%%%%%%%%%%%%%%

Interaction                   
-----------                   
Master name hamil. files      usdb
Center-of-mass correction     0
Read reduced hamiltonian      0
No. of MPI proc per H team    0    
                              
Particle Number               
---------------               
Number of active protons      4.00      
Number of active neutrons     4.00      
No. of gauge angles protons   1    
No. of gauge angles neutrons  1    
                              
Wave Function                 
-------------                 
Type of seed wave function    0
Number of QP to block         0    
No symmetry simplifications   0
Seed random number generation 0    
Read/write wf file as text    0
Cutoff occupied s.-p. states  0.000E+00 
Include all empty sp states   0
Spatial one-body density      0
Discretization for x/r        0   0.00 
Discretization for y/theta    0   0.00 
Discretization for z/phi      0   0.00 
                              
Iterative Procedure           
-------------------           
Maximum no. of iterations     1000 
Step intermediate wf writing  0    
More intermediate printing    0
Type of gradient              1
Parameter eta for gradient    1.000E-01 
Parameter mu  for gradient    3.000E-01 
Tolerance for gradient        1.000E-02 
                              
Constraints                   
-----------                   
Force constraint N/Z          1
Constraint beta_lm            2
Pair coupling scheme          1
Tolerance for constraints     1.000E-06 
Constraint multipole Q10      0   0.000
Constraint multipole Q11      0   0.000
Constraint multipole Q20      1   0.250
Constraint multipole Q21      2   0.000   0.000
Constraint multipole Q22      1  20.000
Constraint multipole Q30      0   0.000
Constraint multipole Q31      0   0.000
Constraint multipole Q32      0   0.000
Constraint multipole Q33      0   0.000
Constraint multipole Q40      0   0.000
Constraint multipole Q41      0   0.000
Constraint multipole Q42      0   0.000
Constraint multipole Q43      0   0.000
Constraint multipole Q44      0   0.000
Constraint radius sqrt(r^2)   0   0.000
Constraint ang. mom. Jx       0   0.000
Constraint ang. mom. Jy       0   0.000
Constraint ang. mom. Jz       0   0.000
Constraint pair P_T00_J10     0   0.000
Constraint pair P_T00_J1m1    0   0.000
Constraint pair P_T00_J1p1    0   0.000
Constraint pair P_T10_J00     0   0.000
Constraint pair P_T1m1_J00    0   0.000
Constraint pair P_T1p1_J00    0   0.000
Constraint field Delta        0   0.000
  
%%%%%%%%%%%%%%%%%%%%%%%%%%%%%%%%%%%%%%%%%%%%%%%%%%%%%%%%%%%%
                           NUCLEUS
%%%%%%%%%%%%%%%%%%%%%%%%%%%%%%%%%%%%%%%%%%%%%%%%%%%%%%%%%%%%

Part \ No.     Z          N          A
----------------------------------------
Valence       4.00       4.00       8.00
Core          8.00       8.00      16.00
Nucleus      12.00      12.00      24.00

%%%%%%%%%%%%%%%%%%%%%%%%%%%%%%%%%%%%%%%%%%%%%%%%%%%%%%%%%%%%
                          HO BASIS
%%%%%%%%%%%%%%%%%%%%%%%%%%%%%%%%%%%%%%%%%%%%%%%%%%%%%%%%%%%%

    Quantity          Value
---------------------------
No. of sp states        24
Max. value of N          2
Max. value of l          2
Max. value of 2j         5
hbar*omega (MeV)    12.596
Osc. length b (fm)   1.815
No. of shells            3
List of shells         205   1001    203

%%%%%%%%%%%%%%%%%%%%%%%%%%%%%%%%%%%%%%%%%%%%%%%%%%%%%%%%%%%%
                         HAMILTONIAN
%%%%%%%%%%%%%%%%%%%%%%%%%%%%%%%%%%%%%%%%%%%%%%%%%%%%%%%%%%%%

   Description        Value
---------------------------
Main name of files    usdb
Name of hamiltonian   USDB (Brown.2006.PRC.74.034315)
Type of hamiltonian     1   (ANTOINE, spe_p==spe_n)
Read from file          0   (normal)
Number of 2BME        1396        

%%%%%%%%%%%%%%%%%%%%%%%%%%%%%%%%%%%%%%%%%%%%%%%%%%%%%%%%%%%%
                        WAVE FUNCTION
%%%%%%%%%%%%%%%%%%%%%%%%%%%%%%%%%%%%%%%%%%%%%%%%%%%%%%%%%%%%

   Description         Value
----------------------------
Initial type of seed     0   (general, unrestricted)
Number of qp blocked     0
Total number parity      1
No. of fully occ. sp     0

  Symmetry       ?      Mean              Action
----------------------------------------------------------
Separate N/Z     no               
Good Z           no    4.00950    
Good N           no    3.99050    
Good P          yes    1.00000
Good Jz          no    0.05950

%%%%%%%%%%%%%%%%%%%%%%%%%%%%%%%%%%%%%%%%%%%%%%%%%%%%%%%%%%%%
                   ITERATIVE MINIMIZATION
%%%%%%%%%%%%%%%%%%%%%%%%%%%%%%%%%%%%%%%%%%%%%%%%%%%%%%%%%%%%
 
Iteration     Gradient       Energy      Protons    Var(Prot)    Neutrons   Var(Neut)
-------------------------------------------------------------------------------------
     1      1.00721E+01    -60.050418    4.000000    1.436038    4.000000    1.480251
     2      1.53103E+01    -71.371643    4.000000    1.169159    4.000000    1.158117
     3      1.26966E+01    -76.091380    4.000000    0.720162    4.000000    0.641047
     4      8.18613E+00    -74.716406    4.000000    0.652863    4.000000    0.665652
     5      7.42199E+00    -75.067043    4.000000    0.702745    4.000000    0.734983
     6      7.41973E+00    -76.820285    4.000000    0.655088    4.000000    0.598779
     7      5.77706E+00    -77.812366    4.000000    0.508885    4.000000    0.486625
     8      4.53933E+00    -78.311755    4.000000    0.422258    4.000000    0.449605
     9      3.61124E+00    -78.863906    4.000000    0.376622    4.000000    0.416496
    10      2.54620E+00    -79.173370    4.000000    0.371756    4.000000    0.402109
    11      1.73431E+00    -79.320516    4.000000    0.384959    4.000000    0.401520
    12      1.21349E+00    -79.398595    4.000000    0.396778    4.000000    0.405640
    13      8.78920E-01    -79.440750    4.000000    0.406127    4.000000    0.410973
    14      6.79093E-01    -79.464830    4.000000    0.414238    4.000000    0.416815
    15      5.60465E-01    -79.480562    4.000000    0.421370    4.000000    0.422740
    16      4.81893E-01    -79.491917    4.000000    0.427772    4.000000    0.428530
    17      4.25184E-01    -79.500606    4.000000    0.433609    4.000000    0.434050
    18      3.80968E-01    -79.507516    4.000000    0.438940    4.000000    0.439201
    19      3.44411E-01    -79.513133    4.000000    0.443782    4.000000    0.443935
    20      3.13513E-01    -79.517767    4.000000    0.448149    4.000000    0.448238
    21      2.87150E-01    -79.521636    4.000000    0.452075    4.000000    0.452126
    22      2.64462E-01    -79.524904    4.000000    0.455602    4.000000    0.455632
    23      2.44779E-01    -79.527692    4.000000    0.458777    4.000000    0.458794
    24      2.27569E-01    -79.530094    4.000000    0.461640    4.000000    0.461650
    25      2.12403E-01    -79.532180    4.000000    0.464225    4.000000    0.464231
    26      1.98933E-01    -79.534004    4.000000    0.466563    4.000000    0.466566
    27      1.86882E-01    -79.535610    4.000000    0.468679    4.000000    0.468681
    28      1.76025E-01    -79.537031    4.000000    0.470597    4.000000    0.470598
    29      1.66183E-01    -79.538295    4.000000    0.472337    4.000000    0.472337
    30      1.57210E-01    -79.539425    4.000000    0.473917    4.000000    0.473917
    31      1.48988E-01    -79.540438    4.000000    0.475354    4.000000    0.475354
    32      1.41420E-01    -79.541349    4.000000    0.476662    4.000000    0.476662
    33      1.34426E-01    -79.542171    4.000000    0.477855    4.000000    0.477855
    34      1.27939E-01    -79.542915    4.000000    0.478943    4.000000    0.478943
    35      1.21903E-01    -79.543590    4.000000    0.479937    4.000000    0.479937
    36      1.16269E-01    -79.544203    4.000000    0.480847    4.000000    0.480847
    37      1.10999E-01    -79.544762    4.000000    0.481679    4.000000    0.481679
    38      1.06055E-01    -79.545271    4.000000    0.482442    4.000000    0.482442
    39      1.01408E-01    -79.545737    4.000000    0.483142    4.000000    0.483142
    40      9.70306E-02    -79.546163    4.000000    0.483784    4.000000    0.483784
    41      9.28999E-02    -79.546553    4.000000    0.484375    4.000000    0.484375
    42      8.89949E-02    -79.546911    4.000000    0.484918    4.000000    0.484918
    43      8.52974E-02    -79.547240    4.000000    0.485417    4.000000    0.485417
    44      8.17912E-02    -79.547542    4.000000    0.485878    4.000000    0.485878
    45      7.84617E-02    -79.547820    4.000000    0.486302    4.000000    0.486302
    46      7.52960E-02    -79.548075    4.000000    0.486693    4.000000    0.486693
    47      7.22826E-02    -79.548311    4.000000    0.487053    4.000000    0.487053
    48      6.94110E-02    -79.548528    4.000000    0.487386    4.000000    0.487386
    49      6.66717E-02    -79.548729    4.000000    0.487694    4.000000    0.487694
    50      6.40564E-02    -79.548914    4.000000    0.487978    4.000000    0.487978
    51      6.15572E-02    -79.549084    4.000000    0.488241    4.000000    0.488241
    52      5.91673E-02    -79.549242    4.000000    0.488484    4.000000    0.488484
    53      5.68803E-02    -79.549388    4.000000    0.488708    4.000000    0.488708
    54      5.46903E-02    -79.549522    4.000000    0.488916    4.000000    0.488916
    55      5.25921E-02    -79.549647    4.000000    0.489108    4.000000    0.489108
    56      5.05808E-02    -79.549762    4.000000    0.489286    4.000000    0.489286
    57      4.86518E-02    -79.549869    4.000000    0.489450    4.000000    0.489450
    58      4.68010E-02    -79.549967    4.000000    0.489603    4.000000    0.489603
    59      4.50247E-02    -79.550059    4.000000    0.489744    4.000000    0.489744
    60      4.33191E-02    -79.550143    4.000000    0.489875    4.000000    0.489875
    61      4.16810E-02    -79.550221    4.000000    0.489996    4.000000    0.489996
    62      4.01073E-02    -79.550294    4.000000    0.490108    4.000000    0.490108
    63      3.85952E-02    -79.550361    4.000000    0.490212    4.000000    0.490212
    64      3.71417E-02    -79.550423    4.000000    0.490308    4.000000    0.490308
    65      3.57446E-02    -79.550480    4.000000    0.490397    4.000000    0.490397
    66      3.44012E-02    -79.550534    4.000000    0.490480    4.000000    0.490480
    67      3.31094E-02    -79.550583    4.000000    0.490556    4.000000    0.490556
    68      3.18669E-02    -79.550629    4.000000    0.490627    4.000000    0.490627
    69      3.06719E-02    -79.550671    4.000000    0.490693    4.000000    0.490693
    70      2.95223E-02    -79.550710    4.000000    0.490754    4.000000    0.490754
    71      2.84163E-02    -79.550747    4.000000    0.490811    4.000000    0.490811
    72      2.73522E-02    -79.550780    4.000000    0.490863    4.000000    0.490863
    73      2.63282E-02    -79.550811    4.000000    0.490911    4.000000    0.490911
    74      2.53430E-02    -79.550840    4.000000    0.490956    4.000000    0.490956
    75      2.43948E-02    -79.550867    4.000000    0.490998    4.000000    0.490998
    76      2.34823E-02    -79.550892    4.000000    0.491037    4.000000    0.491037
    77      2.26041E-02    -79.550915    4.000000    0.491072    4.000000    0.491072
    78      2.17589E-02    -79.550936    4.000000    0.491106    4.000000    0.491106
    79      2.09454E-02    -79.550956    4.000000    0.491136    4.000000    0.491136
    80      2.01624E-02    -79.550974    4.000000    0.491165    4.000000    0.491165
    81      1.94088E-02    -79.550991    4.000000    0.491191    4.000000    0.491191
    82      1.86833E-02    -79.551007    4.000000    0.491216    4.000000    0.491216
    83      1.79850E-02    -79.551021    4.000000    0.491238    4.000000    0.491238
    84      1.73131E-02    -79.551035    4.000000    0.491259    4.000000    0.491259
    85      1.66661E-02    -79.551047    4.000000    0.491279    4.000000    0.491279
    86      1.60435E-02    -79.551059    4.000000    0.491297    4.000000    0.491297
    87      1.54441E-02    -79.551070    4.000000    0.491314    4.000000    0.491314
    88      1.48669E-02    -79.551080    4.000000    0.491329    4.000000    0.491329
    89      1.43115E-02    -79.551089    4.000000    0.491343    4.000000    0.491343
    90      1.37777E-02    -79.551097    4.000000    0.491357    4.000000    0.491357
    91      1.32631E-02    -79.551105    4.000000    0.491369    4.000000    0.491369
    92      1.27688E-02    -79.551113    4.000000    0.491380    4.000000    0.491380
    93      1.22912E-02    -79.551119    4.000000    0.491391    4.000000    0.491391
    94      1.18349E-02    -79.551126    4.000000    0.491401    4.000000    0.491401
    95      1.13935E-02    -79.551132    4.000000    0.491410    4.000000    0.491410
    96      1.09704E-02    -79.551137    4.000000    0.491418    4.000000    0.491418
    97      1.05627E-02    -79.551142    4.000000    0.491426    4.000000    0.491426
    98      1.01779E-02    -79.551147    4.000000    0.491433    4.000000    0.491433
    99      9.79909E-03    -79.551151    4.000000    0.491440    4.000000    0.491440

Calculation converged

%%%%%%%%%%%%%%%%%%%%%%%%%%%%%%%%%%%%%%%%%%%%%%%%%%%%%%%%%%%%
               QUASIPARTICLE STATE PROPERTIES
%%%%%%%%%%%%%%%%%%%%%%%%%%%%%%%%%%%%%%%%%%%%%%%%%%%%%%%%%%%%

Label of the state: 795511509718573824

      Quantity            Mean      Variance
--------------------------------------------
Norm                   1.0000000
Number of protons      4.0000000   0.4914402
Number of neutrons     4.0000000   0.4914402
Parity                 1.0000000

ENERGY DECOMPOSITION
====================

Part \ Iso      p-p          n-n          p-n          Total
-------------------------------------------------------------
Zero-body                                            0.000000
One-body    -12.975455   -12.975455                -25.950909
 ph part    -25.472359   -25.472359     0.000000   -50.944719
 pp part     -0.000000    -0.000000    -2.655523    -2.655523
Two-body    -25.472359   -25.472359    -2.655523   -53.600242
Full H      -38.447814   -38.447814    -2.655523   -79.551151

MULTIPOLE DEFORMATIONS
======================
                                     Nucleons
Q_lm     Protons    Neutrons   Isoscalar   Isovector
----------------------------------------------------
Q_10    0.000000    0.000000    0.000000    0.000000
Q_11    0.000000    0.000000    0.000000    0.000000
Q_20    8.063466    8.063466   16.126933    0.000000
Q_21    0.000000    0.000000    0.000000    0.000000
Q_22    2.075261    2.075261    4.150521    0.000000
Q_30    0.000000    0.000000    0.000000    0.000000
Q_31    0.000000    0.000000    0.000000    0.000000
Q_32    0.000000    0.000000    0.000000    0.000000
Q_33    0.000000    0.000000    0.000000    0.000000
Q_40    7.517504    7.517504   15.035009   -0.000000
Q_41    0.249140    0.249140    0.498280   -0.000000
Q_42   18.573620   18.573620   37.147239    0.000000
Q_43   -0.077339   -0.077339   -0.154679    0.000000
Q_44    2.890845    2.890845    5.781690    0.000000

                                        Nucleons
Beta_lm     Protons    Neutrons   Isoscalar   Isovector
-------------------------------------------------------
Beta_10    0.000000    0.000000    0.000000    0.000000
Beta_11    0.000000    0.000000    0.000000    0.000000
Beta_20    0.372917    0.372917    0.234923    0.000000
Beta_21    0.000000    0.000000    0.000000    0.000000
Beta_22    0.095976    0.095976    0.060461    0.000000
Beta_30    0.000000    0.000000    0.000000    0.000000
Beta_31    0.000000    0.000000    0.000000    0.000000
Beta_32    0.000000    0.000000    0.000000    0.000000
Beta_33    0.000000    0.000000    0.000000    0.000000
Beta_40    0.046063    0.046063    0.018280   -0.000000
Beta_41    0.001527    0.001527    0.000606   -0.000000
Beta_42    0.113807    0.113807    0.045165    0.000000
Beta_43   -0.000474   -0.000474   -0.000188    0.000000
Beta_44    0.017713    0.017713    0.007030    0.000000

                                        Nucleons
Triaxial    Protons    Neutrons   Isoscalar   Isovector
-------------------------------------------------------
Beta       0.396850    0.396850    0.250000    0.000000
Gamma     20.000000   20.000000   20.000000   76.767717

RADIUS
======
                                        Nucleons
Quantity    Protons    Neutrons   Isoscalar   Isovector     Charge
-------------------------------------------------------------------
  r        3.394620    3.394620    3.394620    0.000000    3.492671
  r^2     11.523444   11.523444   11.523444    0.000000   12.198753

Warning: no center-of-mass correction.

ANGULAR MOMENTUM
================

  i        J_i         J_i^2     Var(J_i)
-----------------------------------------
  X     -0.000003   10.074412   10.074412
  Y      0.000000    3.802858    3.802858
  Z      0.000141    6.123825    6.123825
Total               20.001095

PAIR COUPLING
=============

   MJ or MT =       -1           0          +1
-------------------------------------------------
T = 0 ; J = 1    0.198789    0.004596    0.198770
T = 1 ; J = 0    0.000001    0.000000    0.000001

%%%%%%%%%%%%%%%%%%%%%%%%%%%%%%%%%%%%%%%%%%%%%%%%%%%%%%%%%%%%
                    COMPLEMENTARY FILES
%%%%%%%%%%%%%%%%%%%%%%%%%%%%%%%%%%%%%%%%%%%%%%%%%%%%%%%%%%%%

     Description                 File
--------------------------------------------
 Occupation numbers : occupation_numbers.dat
 Canonical basis    : canonicalbasis.dat
 Eigenbasis h       : eigenbasis_h.dat
 Eigenbasis H11     : eigenbasis_H11.dat
 Final wave function: final_wf.bin
 Reduced hamiltonian: usdb.red

This is the end, my only friend, the end.
